/******************************************************************************
*
*  CHANGES.log
*     doxygen-enabled CHANGES.log
*
*  REVISION HISTORY:
*     18 OCT 2022 jcs  Created (from original shit)
*
*  (c) 1994-2023, Gatea Ltd.
******************************************************************************/

/*
Known Bugs
----------


Features To Add
---------------
-# mddReal into production:
   - 64-bit mddReal.value
   - mddWire_realToDouble() / mddWire_double2Real()
   - ::int64_t mddValue._i64 / u_int64_t mddValue._u64
 */

/**
 * \mainpage libmddWire API Reference Manual
 *
 * libmddWire is used by MD-Direct platform components and the __librtEdge__ API
 * to marshall and demarshall MD-Direct real-time data to and from the wire.
 *
 * ## Change Log
 * 
 * 
 * ### Build 19 24-03-16
 * 
 * -# Negative unpacked values don't work
 *    - Binary::_Set_unpacked() : Take v._r64, v._r32, v._i64, v._i32 as-is
 *
 * -# Linux64 : Binary::_Get_unpacked
 *    - v._r64 = _d_div * (int64_t)i64
 *    
 * -# No negative float, WIN64 / Linux64 : Binary::_Get_unpacked
 *    - v._r32 = _f_div * (int)i32
 * 
 * 
 * ### Build 18 23-08-23
 * 
 * -# timeSec rounding error:
 *    - Binary.Set( ..., float ) rounding error  : double, not float : DUH!!
 * 
 * 
 * ### Build 17 22-12-25
 * 
 * -# Signed mddFld_vector
 *    - Binary._XxxVector() : ::int64_t, not u_int64_t
 * 
 * 
 * ### Build 16 22-11-01
 * 
 * -# mddFld_vector w/ precision
 *    - mddWire_vectorSize()
 *    - mddField._vPrecision
 *    - Precision : Update.AddVector( ..., precision )
 *
 * -# Huge FID Range : hash_map, not _ddb; No more MDDWIRE_PRIVATE.Schema._ddb
 *
 * -# u_int64_t mddReal.value
 *
 * 
 * ### Build 15 22-10-24
 * 
 * -# inc/bld.hpp
 *
 * -# Unpacked mddFld_bytestream bug fix
 * 
 * 
 * ### Build 14 22-05-23
 * 
 * -# Schema : mddValue._i32 = _maxLen
 * 
 * -# mddFld_unixTime : Always unpacked 
 * 
 * 
 * ### Build 13 22-03-29
 * 
 * -# Unpacked:
 *    - Replace mddIoctl_parse w/ mddIoctl_unpacked
 *    - Data._bParseInC always
 *    - Data._bPackFlds
 *    - Binary._bPackFlds
 *    - Binary._Get_unpacked( mddField ) / _Set_unpacked( mddField )
 * 
 * 
 * ### Build 12 18-12-10
 * 
 * -# VS2017
 * 
 * 
 * ### Build 11 16-04-18
 * 
 * -# Edge3 perms:
 *    - mddMt_query is XML in Publish.BuildMsg()
 * 
 * 
 * ### Build 10b 16-03-05
 * 
 * -# BB3 Perm Query:
 *    - _mdd_pXmlMsg[xm_query] = "QUERY"
 * 
 * 
 * ### Build 10a 15-10-12
 * 
 * -# Integrate with libMDDplatform:
 *    - MDW__dNow, not dNow
 *    - MDW__SLEEP, not SLEEP
 *    - MDW__GLxml.xxx, not GLxml.xxx
 *    - MDW__API.cpp, not API.cpp
 *    - MDW__Logger.xxx, not Logger.xxx
 *    - MDW__Mutex.xxx, not Mutex.xxx
 *    - MDW__version.cpp, not version.cpp
 *    - MDW__Internal.h, not Internal.h
 *    - _pUser and friends = _mdwUser
 * 
 * -# gettimeofday(); No mo clock_gettime()
 * 
 * -# mddWire_dumpField()
 * 
 * 
 * 
 * ### Build 10 15-09-14
 * 
 * -# Fix MDW_NEED_U_INT crap via <winsock.h>
 * 
 * -# No mo LOCALTIME = localtime_r
 * 
 * -# namespace MDDWIRE_PRIVATE
 * 
 * -# WIN32:
 *    - localtime_r / strtok_r
 * 
 * 
 * ### Build  9 15-01-26
 * 
 * -# MF fractions:
 *    - Subscribe._MF_str2dbl()
 * 
 * -# Unsolicited updates / Protocol Negotiation:
 *    - Subscribe._MF_ParseHdr() :
 *       + Complete msg = 2 FS; Don't assume 1st byte == FS
 *       + _hdrLen includes slop
 *    - Data._XML_Parse() : 
 *       + Set h = b._hdr if non-zero
 * 
 * 
 * ### Build  8 14-12-05
 * 
 * -# Fucking Windows:
 *    - mddFieldList_Alloc() / mddFieldList_Free()
 *    - mddBldBuf_Alloc() / mddBldBuf_Free()
 * 
 * -# -Wall
 * 
 * 
 * 
 * ### Build  7 14-06-03
 * 
 * -# mddFld_real:
 *    - Does not change sizeof( mddValue )
 *       typedef struct {
 *          u_int  value;
 *          u_char hint;
 *          u_char isBlank;
 *       } mddReal;
 * 
 * -# mddFld_bytestream
 * 
 * 
 * 
 * ### Build  6 14-03-10
 * 
 * -# Subscribe._MF_ParseHdr() : 
 *    - No Img/Upd w/o RS
 *    - tkr len : Check gs[nSz-1] for US
 * 
 * -# WIN32 : No mo _ftime() 
 *    - GetSystemTime()
 * 
 * 
 * ### Build  5 14-01-31
 * 
 * -# MF DEAD not propogating to app:
 *    - Subscribe::_MF_Parse() : tkr = h._tkr
 * 
 * 
 * ### Build  4 13-12-05
 * 
 * -# Binary : int64 > _MAX_U48:
 *    - UNPACKED_BINFLD
 *    - Binary::_u_pack( ... u_int64_t, Bool & )
 * 
 * 
 * ### Build  3 13-10-23
 * 
 * -# Fixed size messages:
 *    - Loadable Fixed-to-FieldList library
 *    - Publish._Xxxx_Build() : mddDataType from mddMsgHdr arg 
 * 
 * 
 * ### Build  2 13-10-11
 * 
 * -# mddPub_AddFieldList
 * 
 * -# Binary stuff
 * 
 * -# mddWire_ConvertFieldList
 * 
 * 
 * ### Build  1 13-09-18
 * 
 * -# Created (from librtEdge).
 *
 */
