/******************************************************************************
*
*  CHANGES.log
*     doxygen-enabled CHANGES.log
*
*  REVISION HISTORY:
*     17 DEC 2022 jcs  Created
*
*  (c) 1994-2022, Gatea Ltd.
******************************************************************************/

/*

Known Bugs
----------


Features To Add
---------------

*/

/**
 * \mainpage quant library - Cubic Spline / Surface and Greeks
 *
 * Simple quant stuff packaged as a headers to include in your app.  Comes
 * right out of the textbooks:  
 *
 * Construct | Directory | Textbook
 * --- | --- | ---
 * Spline | QUANT | Numerical Recipes in C
 * Surface | QUANT | Numerical Recipes in C
 * Greeks | GREEK | Options, Futures and Other Derivatives by John C. Hull
 *
 *
 * ## Change Log
 *
 *
 * ### Build  3 25-01-25
 *
 * -# WIN64
 *
 *
 * ### Build  2 23-12-17
 *
 * -# Debug against customer Greeks:
 *    - _Volatility.hpp : Constructor arg mixup
 *    - _Option.hpp : BlackScholes._var2
 *
 * -# RiskFreeCurve.hpp
 *
 *
 * ### Build  1 23-10-26
 *
 * -# Created from librtEdge
 *
 */
